01110001000101111010011111001111011111111 0
10000110100000010111001111010111000100101 0
10001101101010011100011101111011111100111 0
01001000101011110010100010001110010011000 0
11011100100011101110110010100011001100011 0
01100110101101100101010001111111001000000 0
01110011010000011011110110011011100001110 0
00010001100000101001101111010011000000110 0
10111011000101110100000010110100001000010 0
10001101100100110111110101010001001001010 0
10011010011000101010110101000111100001000 0
01100110000010101011001100000010000101100 0
10010111000000101010000010101110000010001 0
00100101110111100110010000110111010011011 0
11111111000000100011011100010101110011100 0
11100001100000111100100101010001001101011 0
00000101001000100111110111110111111000001 0
11110011010101100111011011000110011100010 0
11000110001110100111000111000101111110001 0
00010111001101101000111000100010111110001 0
10101100000101110101111000010011010001101 0
11010110111010000101011000001110101000011 0
