01110001000101111010011111001111011111111 0
10000110100000010111001111010111000100101 0
10001101101010011100011101111011111100111 0
01001000101011110010100010001110010011000 0
11011100100011101110110010100011001100011 0
01100110101101100101010001111111001000000 0
01110011010000011011110110011011100001110 0
00010001100000101001101111010011000000110 0
10111011000101110100000010110100001000010 0
10001101100100110111110101010001001001010 0
10011010011000101010110101000111100001000 0
01100110000010101011001100000010000101100 0
10010111000000101010000010101110000010001 0
00100101110111100110010000110111010011011 0
11111111000000100011011100010101110011100 0
11100001100000111100100101010001001101011 0
00000101001000100111110111110111111000001 0
11110011010101100111011011000110011100010 0
11000110001110100111000111000101111110001 0
00010111001101101000111000100010111110001 0
10101100000101110101111000010011010001101 0
11010110111010000101011000001110101000011 0
11001110010101111001000100110011001000001 0
10111101100111111000000000100001011011010 0
00001010110101101011100110111001000000100 0
00100011111011111100001111000000111110011 0
11011000101110110101110001001000000010100 0
01001001011101001010001100110011101111111 0
00100000111001110010001011010111000001110 0
10100101101010100010010110100010001011101 0
11010001000110011011111110010011010010010 0
01011111110100010111110110100011111011100 0
00111101001111100111101001110000001001111 0
11001011001000101110001010111010001100101 0
01100111010111100000101010010101110111110 0
10101001100111000011010010010001100110101 0
00111001000011110100111100010111111000100 0
10010001100000110111001101000010101111000 0
01001101001100010111100110000010000101011 0
10111011010101000000100101000000001101010 0
00010001111100100010001111100111001111001 0
00100000111001010111101110101100001100110 0
01001001100111000100111101100011100110101 0
00110100110001100111111110001011110000001 0
11111010011001011001110101000100000101110 0
10101111111110011010111100111001011000100 0
11011011011000110000110010000000100000100 0
01001100101011100100011101000000111010010 0
00011010101101101100000011000010111010010 0
00000100000001011101100000100100110010101 0
10100001101110101111110010101011111011111 0
10010010001100000100111000101100101100010 0
01101101100011101100011011001101001000100 0
00101000100001111010100110111101011001011 0
10010100010001010001010110100001001001111 0
01111111001111111100100001001010110100100 0
10010100111101010000010010110111110000110 0
00011100011011101100111111111100111100000 0
01111010010011101000010101001011010011000 0
00010110101010110110010111111001100000001 0
01001101010000010000000111101101110011100 0
10110010111110010111011011101101110101001 0
11100111101111101110111100010100011000110 0
10111111101100000010110000111110111000110 0
10110100110100011001010111001001101001101 0
10110010000110001101001101100000111011101 0
11100001110011001110000010010100010111000 0
10110101101000001110110001110100011111101 0
11011001011001110010111101010110111100000 0
10100001101111100010110010110111110100110 0
11110010111110101001010101011000000011111 0
11010011101111000110111000010110110000100 0
11101011101111111101011011001010010101010 0
11110000101101100111101101010110001100011 0
10110000011110101101000100100010001101101 0
10110111101010110110110000001001100110110 0
10110100110001101110000001111001111011011 0
11100011001000100011111111001001110100111 0
11110001100010001111001000100010111111010 0
11110101011101101111101111000101010001101 0
00000011100001001000011100010111011100011 0
11101001101111000110010101100001010110101 0
11111111110100001101101101100011010010000 0
11001100110101000111110111100011010000001 0
01100001010100010100011101111101100110011 0
00000100100001011110011110101101110011101 0
10101011110100011011110100000011010101000 0
00110001011101001101001010001111100101101 0
00100001111100110001101101100010111011100 0
00010100010010010011101110111010110001111 0
10101110100010011110110100001001100000011 0
00101100101010011011100110100111001011111 0
10010001011010010111111111100101111011100 0
11001110010011111011100110111100010001101 0
00001011010111001101110001000100011000110 0
00001001100111111111010000011110101010000 0
10100111101101101111101010110001000011111 0
11101000111000101110011111011110100001111 0
10111010011110000111010001101101000011110 0
11011010011010010111110010111010010001110 0
01010100100010010100000000011001111000110 0
11001000101111101101100011100010111010001 0
01011001010010001110110110001001010110001 0
01111011001101110110010001001110110001110 0
11001111100101000110111010100111000000111 0
10001101101101110110011100100100111111011 0
10100010100110011000101001010101111001110 0
11111111010110100100001001111111011110110 0
10011110000011001111101011000101110111010 0
01100111100100100101100110001110111100111 0
01010001001000011110110111111101110001010 0
10101111110101110110110011101001000111000 0
01011000010110111010101001011111000110001 0
11010000010100011111111101000010011010110 0
10101011111101100001111100101011101010001 0
01101001111101100111101001111011000111010 0
10100100101111011011110111001010100100100 0
11100000010100100101110100011000001001000 0
10010011110101110110010000100000100001101 0
00001010101111111111011010011100010100100 0
00110011100101110001101000011100101101010 0
11110011010101000001111110011111011110010 0
00010101010111000011001101111011001010011 0
10010001000010110001101010101001111011111 0
01000110010111001010010001001101100011111 0
01111011001000001001111011010001001111100 0
00000100101010110011100110011011110010001 0
01101001001001000000111110111100101001000 0
00000111011010000001001101110000010101011 0
11111111000010100101110011000000010110000 0
10010110111100101111110110101110011010110 0
