fraig> cirr ./tests.fraig/opt07.aag

fraig> cirp

Circuit Statistics
==================
  PI           3
  PO           1
  AIG          6
------------------
  Total       10

fraig> cirp -n

[0] PI  2
[1] PI  3
[2] AIG 4 2 3
[3] PO  11 4

fraig> cirp -fl
Gates with floating fanin(s): 7
Gates defined but not used  : 9 10

fraig> cirsw
Sweeping: AIG(5) removed...
Sweeping: UNDEF(6) removed...
Sweeping: AIG(7) removed...
Sweeping: AIG(8) removed...
Sweeping: AIG(9) removed...
Sweeping: AIG(10) removed...

fraig> cirp

Circuit Statistics
==================
  PI           3
  PO           1
  AIG          1
------------------
  Total        5

fraig> cirp -fl
Gates defined but not used  : 1

fraig> q -f

